<?xml version="1.0" encoding="UTF-8"?>
<!-- Generated by org.testng.reporters.JUnitXMLReporter -->
<testsuite hostname="Nikhil" failures="2" tests="4" name="Test" time="23.276" errors="0" timestamp="17 Jun 2021 04:45:51 GMT">
  <testcase classname="Academy.E2Eprojects.ValidatePage" name="basePageNavigation" time="0.073"/>
  <testcase classname="Academy.E2Eprojects.NavigationPage" name="basePageNavigation" time="0.104"/>
  <testcase classname="Academy.E2Eprojects.HomePage" name="basePageNavigation" time="0.069">
    <failure type="org.openqa.selenium.WebDriverException" message="Element &amp;lt;a href=&amp;quot;https://rahulshettyacademy.com/sign_in/&amp;quot;&amp;gt; is not clickable at point (1242,16) because another element &amp;lt;div class=&amp;quot;listbuilder-popup-content&amp;quot;&amp;gt; obscures it
Build info: version: &amp;apos;3.4.0&amp;apos;, revision: &amp;apos;unknown&amp;apos;, time: &amp;apos;unknown&amp;apos;
System info: host: &amp;apos;NIKHIL&amp;apos;, ip: &amp;apos;192.168.0.104&amp;apos;, os.name: &amp;apos;Windows 10&amp;apos;, os.arch: &amp;apos;amd64&amp;apos;, os.version: &amp;apos;10.0&amp;apos;, java.version: &amp;apos;15.0.1&amp;apos;
Driver info: org.openqa.selenium.firefox.FirefoxDriver
Capabilities [{moz:profile=C:\Users\Nikhil\AppData\Local\Temp\rust_mozprofileWe2WPd, moz:geckodriverVersion=0.28.0, timeouts={implicit=0.0, pageLoad=300000.0, script=30000.0}, pageLoadStrategy=normal, unhandledPromptBehavior=dismiss and notify, strictFileInteractability=false, moz:headless=false, platform=ANY, moz:accessibilityChecks=false, moz:useNonSpecCompliantPointerOrigin=false, acceptInsecureCerts=false, browserVersion=89.0.1, moz:shutdownTimeout=60000.0, platformVersion=10.0, moz:processID=42140.0, browserName=firefox, moz:buildID=20210614221319, javascriptEnabled=true, platformName=windows, setWindowRect=true, moz:webdriverClick=true}]
Session ID: 63a4421a-92cd-44fb-8898-ec975f0d3525">
      <![CDATA[org.openqa.selenium.WebDriverException: Element <a href="https://rahulshettyacademy.com/sign_in/"> is not clickable at point (1242,16) because another element <div class="listbuilder-popup-content"> obscures it
Build info: version: '3.4.0', revision: 'unknown', time: 'unknown'
System info: host: 'NIKHIL', ip: '192.168.0.104', os.name: 'Windows 10', os.arch: 'amd64', os.version: '10.0', java.version: '15.0.1'
Driver info: org.openqa.selenium.firefox.FirefoxDriver
Capabilities [{moz:profile=C:\Users\Nikhil\AppData\Local\Temp\rust_mozprofileWe2WPd, moz:geckodriverVersion=0.28.0, timeouts={implicit=0.0, pageLoad=300000.0, script=30000.0}, pageLoadStrategy=normal, unhandledPromptBehavior=dismiss and notify, strictFileInteractability=false, moz:headless=false, platform=ANY, moz:accessibilityChecks=false, moz:useNonSpecCompliantPointerOrigin=false, acceptInsecureCerts=false, browserVersion=89.0.1, moz:shutdownTimeout=60000.0, platformVersion=10.0, moz:processID=42140.0, browserName=firefox, moz:buildID=20210614221319, javascriptEnabled=true, platformName=windows, setWindowRect=true, moz:webdriverClick=true}]
Session ID: 63a4421a-92cd-44fb-8898-ec975f0d3525
	at org.openqa.selenium.remote.http.W3CHttpResponseCodec.createException(W3CHttpResponseCodec.java:150)
	at org.openqa.selenium.remote.http.W3CHttpResponseCodec.decode(W3CHttpResponseCodec.java:115)
	at org.openqa.selenium.remote.http.W3CHttpResponseCodec.decode(W3CHttpResponseCodec.java:45)
	at org.openqa.selenium.remote.HttpCommandExecutor.execute(HttpCommandExecutor.java:164)
	at org.openqa.selenium.remote.service.DriverCommandExecutor.execute(DriverCommandExecutor.java:82)
	at org.openqa.selenium.remote.RemoteWebDriver.execute(RemoteWebDriver.java:637)
	at org.openqa.selenium.remote.RemoteWebElement.execute(RemoteWebElement.java:272)
	at org.openqa.selenium.remote.RemoteWebElement.click(RemoteWebElement.java:82)
	at Academy.E2Eprojects.HomePage.basePageNavigation(HomePage.java:32)
... Removed 29 stack frames]]>
    </failure>
  </testcase> <!-- basePageNavigation -->
  <testcase classname="Academy.E2Eprojects.HomePage" name="basePageNavigation" time="0.025">
    <failure type="org.openqa.selenium.WebDriverException" message="Element &amp;lt;a href=&amp;quot;https://rahulshettyacademy.com/sign_in/&amp;quot;&amp;gt; is not clickable at point (1242,16) because another element &amp;lt;div class=&amp;quot;listbuilder-popup-content&amp;quot;&amp;gt; obscures it
Build info: version: &amp;apos;3.4.0&amp;apos;, revision: &amp;apos;unknown&amp;apos;, time: &amp;apos;unknown&amp;apos;
System info: host: &amp;apos;NIKHIL&amp;apos;, ip: &amp;apos;192.168.0.104&amp;apos;, os.name: &amp;apos;Windows 10&amp;apos;, os.arch: &amp;apos;amd64&amp;apos;, os.version: &amp;apos;10.0&amp;apos;, java.version: &amp;apos;15.0.1&amp;apos;
Driver info: org.openqa.selenium.firefox.FirefoxDriver
Capabilities [{moz:profile=C:\Users\Nikhil\AppData\Local\Temp\rust_mozprofileWe2WPd, moz:geckodriverVersion=0.28.0, timeouts={implicit=0.0, pageLoad=300000.0, script=30000.0}, pageLoadStrategy=normal, unhandledPromptBehavior=dismiss and notify, strictFileInteractability=false, moz:headless=false, platform=ANY, moz:accessibilityChecks=false, moz:useNonSpecCompliantPointerOrigin=false, acceptInsecureCerts=false, browserVersion=89.0.1, moz:shutdownTimeout=60000.0, platformVersion=10.0, moz:processID=42140.0, browserName=firefox, moz:buildID=20210614221319, javascriptEnabled=true, platformName=windows, setWindowRect=true, moz:webdriverClick=true}]
Session ID: 63a4421a-92cd-44fb-8898-ec975f0d3525">
      <![CDATA[org.openqa.selenium.WebDriverException: Element <a href="https://rahulshettyacademy.com/sign_in/"> is not clickable at point (1242,16) because another element <div class="listbuilder-popup-content"> obscures it
Build info: version: '3.4.0', revision: 'unknown', time: 'unknown'
System info: host: 'NIKHIL', ip: '192.168.0.104', os.name: 'Windows 10', os.arch: 'amd64', os.version: '10.0', java.version: '15.0.1'
Driver info: org.openqa.selenium.firefox.FirefoxDriver
Capabilities [{moz:profile=C:\Users\Nikhil\AppData\Local\Temp\rust_mozprofileWe2WPd, moz:geckodriverVersion=0.28.0, timeouts={implicit=0.0, pageLoad=300000.0, script=30000.0}, pageLoadStrategy=normal, unhandledPromptBehavior=dismiss and notify, strictFileInteractability=false, moz:headless=false, platform=ANY, moz:accessibilityChecks=false, moz:useNonSpecCompliantPointerOrigin=false, acceptInsecureCerts=false, browserVersion=89.0.1, moz:shutdownTimeout=60000.0, platformVersion=10.0, moz:processID=42140.0, browserName=firefox, moz:buildID=20210614221319, javascriptEnabled=true, platformName=windows, setWindowRect=true, moz:webdriverClick=true}]
Session ID: 63a4421a-92cd-44fb-8898-ec975f0d3525
	at org.openqa.selenium.remote.http.W3CHttpResponseCodec.createException(W3CHttpResponseCodec.java:150)
	at org.openqa.selenium.remote.http.W3CHttpResponseCodec.decode(W3CHttpResponseCodec.java:115)
	at org.openqa.selenium.remote.http.W3CHttpResponseCodec.decode(W3CHttpResponseCodec.java:45)
	at org.openqa.selenium.remote.HttpCommandExecutor.execute(HttpCommandExecutor.java:164)
	at org.openqa.selenium.remote.service.DriverCommandExecutor.execute(DriverCommandExecutor.java:82)
	at org.openqa.selenium.remote.RemoteWebDriver.execute(RemoteWebDriver.java:637)
	at org.openqa.selenium.remote.RemoteWebElement.execute(RemoteWebElement.java:272)
	at org.openqa.selenium.remote.RemoteWebElement.click(RemoteWebElement.java:82)
	at Academy.E2Eprojects.HomePage.basePageNavigation(HomePage.java:32)
... Removed 29 stack frames]]>
    </failure>
  </testcase> <!-- basePageNavigation -->
</testsuite> <!-- Test -->
