<?xml version="1.0" encoding="UTF-8"?>
<testsuite xmlns:xsi="http://www.w3.org/2001/XMLSchema-instance" xsi:noNamespaceSchemaLocation="https://maven.apache.org/surefire/maven-surefire-plugin/xsd/surefire-test-report-3.0.xsd" version="3.0" name="TestSuite" time="54.63" tests="1" errors="0" skipped="0" failures="1">
  <properties>
[...]
</properties>
  <testcase name="feature[Login into Application](1)" classname="cucumberoption.TestRunner" time="52.564">
    <failure message="org.openqa.selenium.NoSuchElementException: Unable to locate element: *[name=&apos;qeury&apos;]&#10;For documentation on this error, please visit: http://seleniumhq.org/exceptions/no_such_element.html&#10;Build info: version: &apos;3.4.0&apos;, revision: &apos;unknown&apos;, time: &apos;unknown&apos;&#10;System info: host: &apos;NIKHIL&apos;, ip: &apos;192.168.0.104&apos;, os.name: &apos;Windows 10&apos;, os.arch: &apos;amd64&apos;, os.version: &apos;10.0&apos;, java.version: &apos;15.0.1&apos;&#10;Driver info: org.openqa.selenium.firefox.FirefoxDriver&#10;Capabilities [{moz:profile=C:\Users\Nikhil\AppData\Local\Temp\rust_mozprofileynJMbM, moz:geckodriverVersion=0.28.0, timeouts={implicit=0.0, pageLoad=300000.0, script=30000.0}, pageLoadStrategy=normal, unhandledPromptBehavior=dismiss and notify, strictFileInteractability=false, moz:headless=false, platform=ANY, moz:accessibilityChecks=false, moz:useNonSpecCompliantPointerOrigin=false, acceptInsecureCerts=false, browserVersion=89.0.1, moz:shutdownTimeout=60000.0, platformVersion=10.0, moz:processID=33856.0, browserName=firefox, moz:buildID=20210614221319, javascriptEnabled=true, platformName=windows, setWindowRect=true, moz:webdriverClick=true}]&#10;Session ID: 89fe5eb3-a4d8-4481-b9d3-dfb7fb77b773&#10;*** Element info: {Using=name, value=qeury}" type="cucumber.runtime.CucumberException"><![CDATA[cucumber.runtime.CucumberException: 
org.openqa.selenium.NoSuchElementException: Unable to locate element: *[name='qeury']
For documentation on this error, please visit: http://seleniumhq.org/exceptions/no_such_element.html
Build info: version: '3.4.0', revision: 'unknown', time: 'unknown'
System info: host: 'NIKHIL', ip: '192.168.0.104', os.name: 'Windows 10', os.arch: 'amd64', os.version: '10.0', java.version: '15.0.1'
Driver info: org.openqa.selenium.firefox.FirefoxDriver
Capabilities [{moz:profile=C:\Users\Nikhil\AppData\Local\Temp\rust_mozprofileynJMbM, moz:geckodriverVersion=0.28.0, timeouts={implicit=0.0, pageLoad=300000.0, script=30000.0}, pageLoadStrategy=normal, unhandledPromptBehavior=dismiss and notify, strictFileInteractability=false, moz:headless=false, platform=ANY, moz:accessibilityChecks=false, moz:useNonSpecCompliantPointerOrigin=false, acceptInsecureCerts=false, browserVersion=89.0.1, moz:shutdownTimeout=60000.0, platformVersion=10.0, moz:processID=33856.0, browserName=firefox, moz:buildID=20210614221319, javascriptEnabled=true, platformName=windows, setWindowRect=true, moz:webdriverClick=true}]
Session ID: 89fe5eb3-a4d8-4481-b9d3-dfb7fb77b773
*** Element info: {Using=name, value=qeury}
Caused by: org.openqa.selenium.NoSuchElementException: 
Unable to locate element: *[name='qeury']
For documentation on this error, please visit: http://seleniumhq.org/exceptions/no_such_element.html
Build info: version: '3.4.0', revision: 'unknown', time: 'unknown'
System info: host: 'NIKHIL', ip: '192.168.0.104', os.name: 'Windows 10', os.arch: 'amd64', os.version: '10.0', java.version: '15.0.1'
Driver info: org.openqa.selenium.firefox.FirefoxDriver
Capabilities [{moz:profile=C:\Users\Nikhil\AppData\Local\Temp\rust_mozprofileynJMbM, moz:geckodriverVersion=0.28.0, timeouts={implicit=0.0, pageLoad=300000.0, script=30000.0}, pageLoadStrategy=normal, unhandledPromptBehavior=dismiss and notify, strictFileInteractability=false, moz:headless=false, platform=ANY, moz:accessibilityChecks=false, moz:useNonSpecCompliantPointerOrigin=false, acceptInsecureCerts=false, browserVersion=89.0.1, moz:shutdownTimeout=60000.0, platformVersion=10.0, moz:processID=33856.0, browserName=firefox, moz:buildID=20210614221319, javascriptEnabled=true, platformName=windows, setWindowRect=true, moz:webdriverClick=true}]
Session ID: 89fe5eb3-a4d8-4481-b9d3-dfb7fb77b773
*** Element info: {Using=name, value=qeury}
]]></failure>
    <system-err><![CDATA[1624018999834	geckodriver	INFO	Listening on 127.0.0.1:39652
1624019000577	mozrunner::runner	INFO	Running command: "C:\\Program Files\\Mozilla Firefox\\firefox.exe" "--marionette" "-foreground" "-no-remote" "-profile" "C:\\Users\\Nikhil\\AppData\\Local\\Temp\\rust_mozprofileynJMbM"
1624019001180	Marionette	INFO	Marionette enabled
console.warn: SearchSettings: "get: No settings file exists, new profile?" (new NotFoundError("Could not open the file at C:\\Users\\Nikhil\\AppData\\Local\\Temp\\rust_mozprofileynJMbM\\search.json.mozlz4", (void 0)))
1624019004069	Marionette	INFO	Listening on port 53345
Jun 18, 2021 5:53:24 PM org.openqa.selenium.remote.ProtocolHandshake createSession
INFO: Detected dialect: W3C
1624019025782	geckodriver	INFO	Listening on 127.0.0.1:2729
1624019026246	mozrunner::runner	INFO	Running command: "C:\\Program Files\\Mozilla Firefox\\firefox.exe" "--marionette" "-foreground" "-no-remote" "-profile" "C:\\Users\\Nikhil\\AppData\\Local\\Temp\\rust_mozprofileDZeHW4"
1624019027089	Marionette	INFO	Marionette enabled
console.warn: SearchSettings: "get: No settings file exists, new profile?" (new NotFoundError("Could not open the file at C:\\Users\\Nikhil\\AppData\\Local\\Temp\\rust_mozprofileDZeHW4\\search.json.mozlz4", (void 0)))
1624019030152	Marionette	INFO	Listening on port 53452
Jun 18, 2021 5:53:50 PM org.openqa.selenium.remote.ProtocolHandshake createSession
INFO: Detected dialect: W3C
[Parent 42148, IPC I/O Parent] WARNING: file /builds/worker/checkouts/gecko/ipc/chromium/src/base/process_util_win.cc:167
]]></system-err>
  </testcase>
</testsuite>